"Firefox-115.2.0esr-Required" https://www.linuxfromscratch.org/blfs/view/stable-systemd/general/cbindgen.html
"Firefox-115.2.0esr-Required" https://www.linuxfromscratch.org/blfs/view/stable-systemd/general/dbus-glib.html
"Firefox-115.2.0esr-Required" https://www.linuxfromscratch.org/blfs/view/stable-systemd/x/gtk3.html
"Firefox-115.2.0esr-Required" https://www.linuxfromscratch.org/blfs/view/stable-systemd/x/libnotify.html
"Firefox-115.2.0esr-Required" https://www.linuxfromscratch.org/blfs/view/stable-systemd/general/llvm.html
"Firefox-115.2.0esr-Required" https://www.linuxfromscratch.org/blfs/view/stable-systemd/general/nodejs.html
"Firefox-115.2.0esr-Required" https://www.linuxfromscratch.org/blfs/view/stable-systemd/multimedia/pulseaudio.html
"Firefox-115.2.0esr-Required" https://www.linuxfromscratch.org/blfs/view/stable-systemd/multimedia/alsa-lib.html
"Firefox-115.2.0esr-Required" https://www.linuxfromscratch.org/blfs/view/stable-systemd/general/python3.html
"Firefox-115.2.0esr-Required" https://www.linuxfromscratch.org/blfs/view/stable-systemd/server/sqlite.html
"Firefox-115.2.0esr-Required" https://www.linuxfromscratch.org/blfs/view/stable-systemd/x/startup-notification.html
"Firefox-115.2.0esr-Required" https://www.linuxfromscratch.org/blfs/view/stable-systemd/general/unzip.html
"Firefox-115.2.0esr-Required" https://www.linuxfromscratch.org/blfs/view/stable-systemd/general/yasm.html
"Firefox-115.2.0esr-Required" https://www.linuxfromscratch.org/blfs/view/stable-systemd/general/zip.html
"Firefox-115.2.0esr-Optional" https://www.linuxfromscratch.org/blfs/view/stable-systemd/general/icu.html
"Firefox-115.2.0esr-Optional" https://www.linuxfromscratch.org/blfs/view/stable-systemd/basicnet/libevent.html
"Firefox-115.2.0esr-Optional" https://www.linuxfromscratch.org/blfs/view/stable-systemd/multimedia/libvpx.html
"Firefox-115.2.0esr-Optional" https://www.linuxfromscratch.org/blfs/view/stable-systemd/general/libwebp.html
"Firefox-115.2.0esr-Optional" https://www.linuxfromscratch.org/blfs/view/stable-systemd/general/nasm.html
"Firefox-115.2.0esr-Optional" https://www.linuxfromscratch.org/blfs/view/stable-systemd/postlfs/nss.html
