"Gimp-2.10.34-Required" https://www.linuxfromscratch.org/blfs/view/stable-systemd/general/gegl.html
"Gimp-2.10.34-Required" https://www.linuxfromscratch.org/blfs/view/stable-systemd/gnome/gexiv2.html
"Gimp-2.10.34-Required" https://www.linuxfromscratch.org/blfs/view/stable-systemd/basicnet/glib-networking.html
"Gimp-2.10.34-Required" https://www.linuxfromscratch.org/blfs/view/stable-systemd/x/gtk2.html
"Gimp-2.10.34-Required" https://www.linuxfromscratch.org/blfs/view/stable-systemd/general/harfbuzz.html
"Gimp-2.10.34-Required" https://www.linuxfromscratch.org/blfs/view/stable-systemd/general/libjpeg.html
"Gimp-2.10.34-Required" https://www.linuxfromscratch.org/blfs/view/stable-systemd/general/libmypaint.html
"Gimp-2.10.34-Required" https://www.linuxfromscratch.org/blfs/view/stable-systemd/general/librsvg.html
"Gimp-2.10.34-Required" https://www.linuxfromscratch.org/blfs/view/stable-systemd/general/libtiff.html
"Gimp-2.10.34-Required" https://www.linuxfromscratch.org/blfs/view/stable-systemd/general/python-modules.html
"Gimp-2.10.34-Required" https://www.linuxfromscratch.org/blfs/view/stable-systemd/general/lcms2.html
"Gimp-2.10.34-Required" https://www.linuxfromscratch.org/blfs/view/stable-systemd/general/mypaint-brushes.html
"Gimp-2.10.34-Required" https://www.linuxfromscratch.org/blfs/view/stable-systemd/general/poppler.html
"Gimp-2.10.34-Required" https://www.linuxfromscratch.org/blfs/view/stable-systemd/x/installing.html
"Gimp-2.10.34-Optional" https://www.linuxfromscratch.org/blfs/view/stable-systemd/general/dbus-glib.html
"Gimp-2.10.34-Optional" https://www.linuxfromscratch.org/blfs/view/stable-systemd/general/graphviz.html
"Gimp-2.10.34-Optional" https://www.linuxfromscratch.org/blfs/view/stable-systemd/pst/gs.html
"Gimp-2.10.34-Optional" https://www.linuxfromscratch.org/blfs/view/stable-systemd/general/iso-codes.html
"Gimp-2.10.34-Optional" https://www.linuxfromscratch.org/blfs/view/stable-systemd/general/libgudev.html
"Gimp-2.10.34-Optional" https://www.linuxfromscratch.org/blfs/view/stable-systemd/general/python-modules.html
"Gimp-2.10.34-Optional" https://www.linuxfromscratch.org/blfs/view/stable-systemd/xdg-utils.html
