"Inkscape-1.3-Required" https://www.linuxfromscratch.org/blfs/view/stable-systemd/general/boost.html
"Inkscape-1.3-Required" https://www.linuxfromscratch.org/blfs/view/stable-systemd/general/double-conversion.html
"Inkscape-1.3-Required" https://www.linuxfromscratch.org/blfs/view/stable-systemd/general/gc.html
"Inkscape-1.3-Required" https://www.linuxfromscratch.org/blfs/view/stable-systemd/general/gsl.html
"Inkscape-1.3-Required" https://www.linuxfromscratch.org/blfs/view/stable-systemd/x/gtkmm3.html
"Inkscape-1.3-Required" https://www.linuxfromscratch.org/blfs/view/stable-systemd/basicnet/libsoup.html
"Inkscape-1.3-Required" https://www.linuxfromscratch.org/blfs/view/stable-systemd/general/libxslt.html
"Inkscape-1.3-Required" https://www.linuxfromscratch.org/blfs/view/stable-systemd/general/poppler.html
"Inkscape-1.3-Required" https://www.linuxfromscratch.org/blfs/view/stable-systemd/general/popt.html
"Inkscape-1.3-Required" https://www.linuxfromscratch.org/blfs/view/stable-systemd/basicnet/wget.html
"Inkscape-1.3-Optional" https://www.linuxfromscratch.org/blfs/view/stable-systemd/general/imagemagick.html
"Inkscape-1.3-Optional" https://www.linuxfromscratch.org/blfs/view/stable-systemd/general/lcms2.html
"Inkscape-1.3-Optional" https://www.linuxfromscratch.org/blfs/view/stable-systemd/general/lcms.html
"Inkscape-1.3-Optional" https://www.linuxfromscratch.org/blfs/view/stable-systemd/multimedia/libcanberra.html
"Inkscape-1.3-Optional" https://www.linuxfromscratch.org/blfs/view/stable-systemd/general/potrace.html
"Inkscape-1.3-Optional" https://www.linuxfromscratch.org/blfs/view/stable-systemd/general/python-modules.html
"Inkscape-1.3-Optional" https://www.linuxfromscratch.org/blfs/view/stable-systemd/general/python-modules.html
"Inkscape-1.3-Optional" https://www.linuxfromscratch.org/blfs/view/stable-systemd/general/python-modules.html
"Inkscape-1.3-Optional" https://www.linuxfromscratch.org/blfs/view/stable-systemd/general/python-modules.html
"Inkscape-1.3-Optional" https://www.linuxfromscratch.org/blfs/view/stable-systemd/general/python-modules.html
"Inkscape-1.3-Optional" https://www.linuxfromscratch.org/blfs/view/stable-systemd/general/python-modules.html
