"Qt-5.15.10-Required" https://www.linuxfromscratch.org/blfs/view/stable-systemd/x7lib.html
"Qt-5.15.10-Optional" https://www.linuxfromscratch.org/blfs/view/stable-systemd/multimedia/alsa-lib.html
"Qt-5.15.10-Optional" https://www.linuxfromscratch.org/blfs/view/stable-systemd/postlfs/make-ca.html
"Qt-5.15.10-Optional" https://www.linuxfromscratch.org/blfs/view/stable-systemd/pst/cups.html
"Qt-5.15.10-Optional" https://www.linuxfromscratch.org/blfs/view/stable-systemd/general/double-conversion.html
"Qt-5.15.10-Optional" https://www.linuxfromscratch.org/blfs/view/stable-systemd/general/glib2.html
"Qt-5.15.10-Optional" https://www.linuxfromscratch.org/blfs/view/stable-systemd/multimedia/gst10-plugins-base.html
"Qt-5.15.10-Optional" https://www.linuxfromscratch.org/blfs/view/stable-systemd/general/harfbuzz.html
"Qt-5.15.10-Optional" https://www.linuxfromscratch.org/blfs/view/stable-systemd/general/icu.html
"Qt-5.15.10-Optional" https://www.linuxfromscratch.org/blfs/view/stable-systemd/general/jasper.html
"Qt-5.15.10-Optional" https://www.linuxfromscratch.org/blfs/view/stable-systemd/general/libjpeg.html
"Qt-5.15.10-Optional" https://www.linuxfromscratch.org/blfs/view/stable-systemd/general/libmng.html
"Qt-5.15.10-Optional" https://www.linuxfromscratch.org/blfs/view/stable-systemd/general/libpng.html
"Qt-5.15.10-Optional" https://www.linuxfromscratch.org/blfs/view/stable-systemd/general/libtiff.html
"Qt-5.15.10-Optional" https://www.linuxfromscratch.org/blfs/view/stable-systemd/general/libwebp.html
"Qt-5.15.10-Optional" https://www.linuxfromscratch.org/blfs/view/stable-systemd/general/libxkbcommon.html
"Qt-5.15.10-Optional" https://www.linuxfromscratch.org/blfs/view/stable-systemd/mesa.html
"Qt-5.15.10-Optional" https://www.linuxfromscratch.org/blfs/view/stable-systemd/general/mtdev.html
"Qt-5.15.10-Optional" https://www.linuxfromscratch.org/blfs/view/stable-systemd/general/pcre2.html
"Qt-5.15.10-Optional" https://www.linuxfromscratch.org/blfs/view/stable-systemd/server/sqlite.html
"Qt-5.15.10-Optional" https://www.linuxfromscratch.org/blfs/view/stable-systemd/general/wayland.html
"Qt-5.15.10-Optional" https://www.linuxfromscratch.org/blfs/view/stable-systemd/xcb-util-image.html
"Qt-5.15.10-Optional" https://www.linuxfromscratch.org/blfs/view/stable-systemd/xcb-util-keysyms.html
"Qt-5.15.10-Optional" https://www.linuxfromscratch.org/blfs/view/stable-systemd/xcb-util-renderutil.html
"Qt-5.15.10-Optional" https://www.linuxfromscratch.org/blfs/view/stable-systemd/xcb-util-wm.html
