"WebKitGTK-2.41.91-Required" https://www.linuxfromscratch.org/blfs/view/stable-systemd/cairo.html
"WebKitGTK-2.41.91-Required" https://www.linuxfromscratch.org/blfs/view/stable-systemd/general/cmake.html
"WebKitGTK-2.41.91-Required" https://www.linuxfromscratch.org/blfs/view/stable-systemd/multimedia/gst10-plugins-base.html
"WebKitGTK-2.41.91-Required" https://www.linuxfromscratch.org/blfs/view/stable-systemd/multimedia/gst10-plugins-bad.html
"WebKitGTK-2.41.91-Required" https://www.linuxfromscratch.org/blfs/view/stable-systemd/gtk3.html
"WebKitGTK-2.41.91-Required" https://www.linuxfromscratch.org/blfs/view/stable-systemd/gtk4.html
"WebKitGTK-2.41.91-Required" https://www.linuxfromscratch.org/blfs/view/stable-systemd/general/icu.html
"WebKitGTK-2.41.91-Required" https://www.linuxfromscratch.org/blfs/view/stable-systemd/general/lcms2.html
"WebKitGTK-2.41.91-Required" https://www.linuxfromscratch.org/blfs/view/stable-systemd/general/libgudev.html
"WebKitGTK-2.41.91-Required" https://www.linuxfromscratch.org/blfs/view/stable-systemd/gnome/libsecret.html
"WebKitGTK-2.41.91-Required" https://www.linuxfromscratch.org/blfs/view/stable-systemd/basicnet/libsoup3.html
"WebKitGTK-2.41.91-Required" https://www.linuxfromscratch.org/blfs/view/stable-systemd/general/libtasn1.html
"WebKitGTK-2.41.91-Required" https://www.linuxfromscratch.org/blfs/view/stable-systemd/general/libwebp.html
"WebKitGTK-2.41.91-Required" https://www.linuxfromscratch.org/blfs/view/stable-systemd/mesa.html
"WebKitGTK-2.41.91-Required" https://www.linuxfromscratch.org/blfs/view/stable-systemd/general/openjpeg2.html
"WebKitGTK-2.41.91-Required" https://www.linuxfromscratch.org/blfs/view/stable-systemd/general/ruby.html
"WebKitGTK-2.41.91-Required" https://www.linuxfromscratch.org/blfs/view/stable-systemd/server/sqlite.html
"WebKitGTK-2.41.91-Required" https://www.linuxfromscratch.org/blfs/view/stable-systemd/general/unifdef.html
"WebKitGTK-2.41.91-Required" https://www.linuxfromscratch.org/blfs/view/stable-systemd/general/which.html
"WebKitGTK-2.41.91-Required" https://www.linuxfromscratch.org/blfs/view/stable-systemd/general/wpebackend-fdo.html
"WebKitGTK-2.41.91-Optional" https://www.linuxfromscratch.org/blfs/view/stable-systemd/general/bubblewrap.html
"WebKitGTK-2.41.91-Optional" https://www.linuxfromscratch.org/blfs/view/stable-systemd/general/enchant.html
"WebKitGTK-2.41.91-Optional" https://www.linuxfromscratch.org/blfs/view/stable-systemd/basicnet/geoclue2.html
"WebKitGTK-2.41.91-Optional" https://www.linuxfromscratch.org/blfs/view/stable-systemd/general/gobject-introspection.html
"WebKitGTK-2.41.91-Optional" https://www.linuxfromscratch.org/blfs/view/stable-systemd/hicolor-icon-theme.html
"WebKitGTK-2.41.91-Optional" https://www.linuxfromscratch.org/blfs/view/stable-systemd/general/libavif.html
"WebKitGTK-2.41.91-Optional" https://www.linuxfromscratch.org/blfs/view/stable-systemd/general/xdg-dbus-proxy.html
